<?xml version="1.0" encoding="UTF-8"?>
<testsuite xmlns:xsi="http://www.w3.org/2001/XMLSchema-instance" xsi:noNamespaceSchemaLocation="https://maven.apache.org/surefire/maven-surefire-plugin/xsd/surefire-test-report.xsd" name="TestSuite" time="1.714" tests="6" errors="0" skipped="0" failures="6">
  <properties>
    <property name="sun.desktop" value="windows"/>
    <property name="awt.toolkit" value="sun.awt.windows.WToolkit"/>
    <property name="java.specification.version" value="11"/>
    <property name="sun.cpu.isalist" value="amd64"/>
    <property name="sun.jnu.encoding" value="Cp1252"/>
    <property name="java.class.path" value="C:\Users\apoor\Downloads\api-automation\api-automation\target\test-classes;C:\Users\apoor\Downloads\api-automation\api-automation\target\classes;C:\Users\apoor\.m2\repository\org\testng\testng\7.4.0\testng-7.4.0.jar;C:\Users\apoor\.m2\repository\com\beust\jcommander\1.78\jcommander-1.78.jar;C:\Users\apoor\.m2\repository\org\webjars\jquery\3.5.1\jquery-3.5.1.jar;C:\Users\apoor\.m2\repository\io\rest-assured\rest-assured\4.4.0\rest-assured-4.4.0.jar;C:\Users\apoor\.m2\repository\org\codehaus\groovy\groovy\3.0.8\groovy-3.0.8.jar;C:\Users\apoor\.m2\repository\org\codehaus\groovy\groovy-xml\3.0.8\groovy-xml-3.0.8.jar;C:\Users\apoor\.m2\repository\org\apache\httpcomponents\httpclient\4.5.13\httpclient-4.5.13.jar;C:\Users\apoor\.m2\repository\org\apache\httpcomponents\httpcore\4.4.13\httpcore-4.4.13.jar;C:\Users\apoor\.m2\repository\commons-logging\commons-logging\1.2\commons-logging-1.2.jar;C:\Users\apoor\.m2\repository\commons-codec\commons-codec\1.11\commons-codec-1.11.jar;C:\Users\apoor\.m2\repository\org\apache\httpcomponents\httpmime\4.5.13\httpmime-4.5.13.jar;C:\Users\apoor\.m2\repository\org\hamcrest\hamcrest\2.1\hamcrest-2.1.jar;C:\Users\apoor\.m2\repository\org\ccil\cowan\tagsoup\tagsoup\1.2.1\tagsoup-1.2.1.jar;C:\Users\apoor\.m2\repository\io\rest-assured\json-path\4.4.0\json-path-4.4.0.jar;C:\Users\apoor\.m2\repository\org\codehaus\groovy\groovy-json\3.0.8\groovy-json-3.0.8.jar;C:\Users\apoor\.m2\repository\io\rest-assured\rest-assured-common\4.4.0\rest-assured-common-4.4.0.jar;C:\Users\apoor\.m2\repository\io\rest-assured\xml-path\4.4.0\xml-path-4.4.0.jar;C:\Users\apoor\.m2\repository\org\apache\commons\commons-lang3\3.11\commons-lang3-3.11.jar;C:\Users\apoor\.m2\repository\jakarta\xml\bind\jakarta.xml.bind-api\2.3.3\jakarta.xml.bind-api-2.3.3.jar;C:\Users\apoor\.m2\repository\jakarta\activation\jakarta.activation-api\1.2.2\jakarta.activation-api-1.2.2.jar;C:\Users\apoor\.m2\repository\com\sun\xml\bind\jaxb-impl\2.3.3\jaxb-impl-2.3.3.jar;C:\Users\apoor\.m2\repository\com\googlecode\json-simple\json-simple\1.1.1\json-simple-1.1.1.jar;C:\Users\apoor\.m2\repository\junit\junit\4.10\junit-4.10.jar;C:\Users\apoor\.m2\repository\org\hamcrest\hamcrest-core\1.1\hamcrest-core-1.1.jar;C:\Users\apoor\.m2\repository\io\cucumber\cucumber-java\6.1.1\cucumber-java-6.1.1.jar;C:\Users\apoor\.m2\repository\io\cucumber\cucumber-core\6.1.1\cucumber-core-6.1.1.jar;C:\Users\apoor\.m2\repository\io\cucumber\cucumber-gherkin\6.1.1\cucumber-gherkin-6.1.1.jar;C:\Users\apoor\.m2\repository\io\cucumber\cucumber-gherkin-messages\6.1.1\cucumber-gherkin-messages-6.1.1.jar;C:\Users\apoor\.m2\repository\io\cucumber\messages\12.1.1\messages-12.1.1.jar;C:\Users\apoor\.m2\repository\io\cucumber\tag-expressions\3.0.0\tag-expressions-3.0.0.jar;C:\Users\apoor\.m2\repository\io\cucumber\cucumber-expressions\10.2.0\cucumber-expressions-10.2.0.jar;C:\Users\apoor\.m2\repository\io\cucumber\datatable\3.3.1\datatable-3.3.1.jar;C:\Users\apoor\.m2\repository\io\cucumber\cucumber-plugin\6.1.1\cucumber-plugin-6.1.1.jar;C:\Users\apoor\.m2\repository\io\cucumber\docstring\6.1.1\docstring-6.1.1.jar;C:\Users\apoor\.m2\repository\io\cucumber\html-formatter\6.0.3\html-formatter-6.0.3.jar;C:\Users\apoor\.m2\repository\org\apiguardian\apiguardian-api\1.1.0\apiguardian-api-1.1.0.jar;C:\Users\apoor\.m2\repository\io\cucumber\cucumber-testng\6.1.1\cucumber-testng-6.1.1.jar;C:\Users\apoor\.m2\repository\com\fasterxml\jackson\core\jackson-databind\2.11.0\jackson-databind-2.11.0.jar;C:\Users\apoor\.m2\repository\com\fasterxml\jackson\core\jackson-annotations\2.11.0\jackson-annotations-2.11.0.jar;C:\Users\apoor\.m2\repository\com\fasterxml\jackson\core\jackson-core\2.11.0\jackson-core-2.11.0.jar;"/>
    <property name="java.vm.vendor" value="Oracle Corporation"/>
    <property name="sun.arch.data.model" value="64"/>
    <property name="user.variant" value=""/>
    <property name="java.vendor.url" value="https://openjdk.java.net/"/>
    <property name="user.timezone" value="Asia/Calcutta"/>
    <property name="java.vm.specification.version" value="11"/>
    <property name="os.name" value="Windows 10"/>
    <property name="sun.java.launcher" value="SUN_STANDARD"/>
    <property name="user.country" value="US"/>
    <property name="sun.boot.library.path" value="C:\Program Files\Java\jdk-11.0.12\bin"/>
    <property name="sun.java.command" value="C:\Users\apoor\AppData\Local\Temp\surefire8426694835953033789\surefirebooter13556071182909696462.jar C:\Users\apoor\AppData\Local\Temp\surefire8426694835953033789 2022-01-20T21-52-09_367-jvmRun1 surefire7537880274548232713tmp surefire_014880932125985118905tmp"/>
    <property name="jdk.debug" value="release"/>
    <property name="surefire.test.class.path" value="C:\Users\apoor\Downloads\api-automation\api-automation\target\test-classes;C:\Users\apoor\Downloads\api-automation\api-automation\target\classes;C:\Users\apoor\.m2\repository\org\testng\testng\7.4.0\testng-7.4.0.jar;C:\Users\apoor\.m2\repository\com\beust\jcommander\1.78\jcommander-1.78.jar;C:\Users\apoor\.m2\repository\org\webjars\jquery\3.5.1\jquery-3.5.1.jar;C:\Users\apoor\.m2\repository\io\rest-assured\rest-assured\4.4.0\rest-assured-4.4.0.jar;C:\Users\apoor\.m2\repository\org\codehaus\groovy\groovy\3.0.8\groovy-3.0.8.jar;C:\Users\apoor\.m2\repository\org\codehaus\groovy\groovy-xml\3.0.8\groovy-xml-3.0.8.jar;C:\Users\apoor\.m2\repository\org\apache\httpcomponents\httpclient\4.5.13\httpclient-4.5.13.jar;C:\Users\apoor\.m2\repository\org\apache\httpcomponents\httpcore\4.4.13\httpcore-4.4.13.jar;C:\Users\apoor\.m2\repository\commons-logging\commons-logging\1.2\commons-logging-1.2.jar;C:\Users\apoor\.m2\repository\commons-codec\commons-codec\1.11\commons-codec-1.11.jar;C:\Users\apoor\.m2\repository\org\apache\httpcomponents\httpmime\4.5.13\httpmime-4.5.13.jar;C:\Users\apoor\.m2\repository\org\hamcrest\hamcrest\2.1\hamcrest-2.1.jar;C:\Users\apoor\.m2\repository\org\ccil\cowan\tagsoup\tagsoup\1.2.1\tagsoup-1.2.1.jar;C:\Users\apoor\.m2\repository\io\rest-assured\json-path\4.4.0\json-path-4.4.0.jar;C:\Users\apoor\.m2\repository\org\codehaus\groovy\groovy-json\3.0.8\groovy-json-3.0.8.jar;C:\Users\apoor\.m2\repository\io\rest-assured\rest-assured-common\4.4.0\rest-assured-common-4.4.0.jar;C:\Users\apoor\.m2\repository\io\rest-assured\xml-path\4.4.0\xml-path-4.4.0.jar;C:\Users\apoor\.m2\repository\org\apache\commons\commons-lang3\3.11\commons-lang3-3.11.jar;C:\Users\apoor\.m2\repository\jakarta\xml\bind\jakarta.xml.bind-api\2.3.3\jakarta.xml.bind-api-2.3.3.jar;C:\Users\apoor\.m2\repository\jakarta\activation\jakarta.activation-api\1.2.2\jakarta.activation-api-1.2.2.jar;C:\Users\apoor\.m2\repository\com\sun\xml\bind\jaxb-impl\2.3.3\jaxb-impl-2.3.3.jar;C:\Users\apoor\.m2\repository\com\googlecode\json-simple\json-simple\1.1.1\json-simple-1.1.1.jar;C:\Users\apoor\.m2\repository\junit\junit\4.10\junit-4.10.jar;C:\Users\apoor\.m2\repository\org\hamcrest\hamcrest-core\1.1\hamcrest-core-1.1.jar;C:\Users\apoor\.m2\repository\io\cucumber\cucumber-java\6.1.1\cucumber-java-6.1.1.jar;C:\Users\apoor\.m2\repository\io\cucumber\cucumber-core\6.1.1\cucumber-core-6.1.1.jar;C:\Users\apoor\.m2\repository\io\cucumber\cucumber-gherkin\6.1.1\cucumber-gherkin-6.1.1.jar;C:\Users\apoor\.m2\repository\io\cucumber\cucumber-gherkin-messages\6.1.1\cucumber-gherkin-messages-6.1.1.jar;C:\Users\apoor\.m2\repository\io\cucumber\messages\12.1.1\messages-12.1.1.jar;C:\Users\apoor\.m2\repository\io\cucumber\tag-expressions\3.0.0\tag-expressions-3.0.0.jar;C:\Users\apoor\.m2\repository\io\cucumber\cucumber-expressions\10.2.0\cucumber-expressions-10.2.0.jar;C:\Users\apoor\.m2\repository\io\cucumber\datatable\3.3.1\datatable-3.3.1.jar;C:\Users\apoor\.m2\repository\io\cucumber\cucumber-plugin\6.1.1\cucumber-plugin-6.1.1.jar;C:\Users\apoor\.m2\repository\io\cucumber\docstring\6.1.1\docstring-6.1.1.jar;C:\Users\apoor\.m2\repository\io\cucumber\html-formatter\6.0.3\html-formatter-6.0.3.jar;C:\Users\apoor\.m2\repository\org\apiguardian\apiguardian-api\1.1.0\apiguardian-api-1.1.0.jar;C:\Users\apoor\.m2\repository\io\cucumber\cucumber-testng\6.1.1\cucumber-testng-6.1.1.jar;C:\Users\apoor\.m2\repository\com\fasterxml\jackson\core\jackson-databind\2.11.0\jackson-databind-2.11.0.jar;C:\Users\apoor\.m2\repository\com\fasterxml\jackson\core\jackson-annotations\2.11.0\jackson-annotations-2.11.0.jar;C:\Users\apoor\.m2\repository\com\fasterxml\jackson\core\jackson-core\2.11.0\jackson-core-2.11.0.jar;"/>
    <property name="sun.cpu.endian" value="little"/>
    <property name="user.home" value="C:\Users\apoor"/>
    <property name="user.language" value="en"/>
    <property name="java.specification.vendor" value="Oracle Corporation"/>
    <property name="java.version.date" value="2021-07-20"/>
    <property name="java.home" value="C:\Program Files\Java\jdk-11.0.12"/>
    <property name="file.separator" value="\"/>
    <property name="basedir" value="C:\Users\apoor\Downloads\api-automation\api-automation"/>
    <property name="java.vm.compressedOopsMode" value="32-bit"/>
    <property name="line.separator" value="&#10;"/>
    <property name="java.specification.name" value="Java Platform API Specification"/>
    <property name="java.vm.specification.vendor" value="Oracle Corporation"/>
    <property name="java.awt.graphicsenv" value="sun.awt.Win32GraphicsEnvironment"/>
    <property name="surefire.real.class.path" value="C:\Users\apoor\AppData\Local\Temp\surefire8426694835953033789\surefirebooter13556071182909696462.jar"/>
    <property name="user.script" value=""/>
    <property name="sun.management.compiler" value="HotSpot 64-Bit Tiered Compilers"/>
    <property name="java.runtime.version" value="11.0.12+8-LTS-237"/>
    <property name="user.name" value="apoor"/>
    <property name="path.separator" value=";"/>
    <property name="os.version" value="10.0"/>
    <property name="java.runtime.name" value="Java(TM) SE Runtime Environment"/>
    <property name="file.encoding" value="Cp1252"/>
    <property name="java.vm.name" value="Java HotSpot(TM) 64-Bit Server VM"/>
    <property name="java.vendor.version" value="18.9"/>
    <property name="localRepository" value="C:\Users\apoor\.m2\repository"/>
    <property name="java.vendor.url.bug" value="https://bugreport.java.com/bugreport/"/>
    <property name="java.io.tmpdir" value="C:\Users\apoor\AppData\Local\Temp\"/>
    <property name="idea.version" value="2020.3.2"/>
    <property name="java.version" value="11.0.12"/>
    <property name="user.dir" value="C:\Users\apoor\Downloads\api-automation\api-automation"/>
    <property name="os.arch" value="amd64"/>
    <property name="java.vm.specification.name" value="Java Virtual Machine Specification"/>
    <property name="java.awt.printerjob" value="sun.awt.windows.WPrinterJob"/>
    <property name="sun.os.patch.level" value=""/>
    <property name="java.library.path" value="C:\Program Files\Java\jdk-11.0.12\bin;C:\WINDOWS\Sun\Java\bin;C:\WINDOWS\system32;C:\WINDOWS;C:\Program Files\Common Files\Oracle\Java\javapath;C:\Program Files (x86)\Common Files\Oracle\Java\javapath;C:\Windows\system32;C:\Windows;C:\Windows\System32\Wbem;C:\Windows\System32\WindowsPowerShell\v1.0\;C:\Windows\System32\OpenSSH\;C:\Program Files (x86)\NVIDIA Corporation\PhysX\Common;C:\Program Files\NVIDIA Corporation\NVIDIA NvDLISR;C:\WINDOWS\system32;C:\WINDOWS;C:\WINDOWS\System32\Wbem;C:\WINDOWS\System32\WindowsPowerShell\v1.0\;C:\WINDOWS\System32\OpenSSH\;C:\Program Files\nodejs\;C:\Users\apoor\AppData\Local\Programs\Python\Python37\Scripts\;C:\Users\apoor\AppData\Local\Programs\Python\Python37\;C:\Program Files (x86)\Common Files\Oracle\Java\javapath;C:\Windows\system32;C:\Windows;C:\Windows\System32\Wbem;C:\Windows\System32\WindowsPowerShell\v1.0\;C:\Windows\System32\OpenSSH\;C:\Program Files (x86)\NVIDIA Corporation\PhysX\Common;C:\Program Files\NVIDIA Corporation\NVIDIA NvDLISR;C:\WINDOWS\system32;C:\WINDOWS;C:\WINDOWS\System32\Wbem;C:\WINDOWS\System32\WindowsPowerShell\v1.0\;C:\WINDOWS\System32\OpenSSH\;C:\Users\apoor\AppData\Local\Microsoft\WindowsApps;C:\Program Files\Java\jdk-11.0.12\bin;C:\Users\apoor\AppData\Local\Programs\Python\Python39\Scripts;C:\Users\apoor\AppData\Local\Programs\Microsoft VS Code\bin;C:\Users\apoor\AppData\Roaming\npm;C:\Program Files\nodejs\node_modules\npm\bin;;."/>
    <property name="java.vendor" value="Oracle Corporation"/>
    <property name="java.vm.info" value="mixed mode"/>
    <property name="java.vm.version" value="11.0.12+8-LTS-237"/>
    <property name="sun.io.unicode.encoding" value="UnicodeLittle"/>
    <property name="java.class.version" value="55.0"/>
  </properties>
  <testcase name="runScenario" classname="com.adidas.test.automation.runner" time="0.151">
    <failure message="The step &quot;I hit get API with available status&quot; is undefined. You can implement it using the snippet(s) below:&#10;&#10;@When(&quot;I hit get API with available status&quot;)&#10;public void i_hit_get_API_with_available_status() {&#10;    // Write code here that turns the phrase above into concrete actions&#10;    throw new io.cucumber.java.PendingException();&#10;}&#10;" type="io.cucumber.testng.UndefinedStepException">io.cucumber.testng.UndefinedStepException: 
The step "I hit get API with available status" is undefined. You can implement it using the snippet(s) below:

@When("I hit get API with available status")
public void i_hit_get_API_with_available_status() {
    // Write code here that turns the phrase above into concrete actions
    throw new io.cucumber.java.PendingException();
}

</failure>
    <system-out><![CDATA[
@get
Scenario Outline: Fetching all pets with status available # src/test/java/resources/API_Test.feature:13
  When I hit get API with available status                # null
  Then I verify success status code                       # null
  Then I verify response body is not blank                # null
]]></system-out>
  </testcase>
  <testcase name="runScenario" classname="com.adidas.test.automation.runner" time="0.004">
    <failure message="The step &quot;I hit get API with pending status&quot; is undefined. You can implement it using the snippet(s) below:&#10;&#10;@When(&quot;I hit get API with pending status&quot;)&#10;public void i_hit_get_API_with_pending_status() {&#10;    // Write code here that turns the phrase above into concrete actions&#10;    throw new io.cucumber.java.PendingException();&#10;}&#10;" type="io.cucumber.testng.UndefinedStepException">io.cucumber.testng.UndefinedStepException: 
The step "I hit get API with pending status" is undefined. You can implement it using the snippet(s) below:

@When("I hit get API with pending status")
public void i_hit_get_API_with_pending_status() {
    // Write code here that turns the phrase above into concrete actions
    throw new io.cucumber.java.PendingException();
}

</failure>
    <system-out><![CDATA[
@get
Scenario Outline: Fetching all pets with status available # src/test/java/resources/API_Test.feature:14
  When I hit get API with pending status                  # null
  Then I verify success status code                       # null
  Then I verify response body is not blank                # null
]]></system-out>
  </testcase>
  <testcase name="runScenario" classname="com.adidas.test.automation.runner" time="0.008">
    <failure message="The step &quot;I hit get API with sold status&quot; is undefined. You can implement it using the snippet(s) below:&#10;&#10;@When(&quot;I hit get API with sold status&quot;)&#10;public void i_hit_get_API_with_sold_status() {&#10;    // Write code here that turns the phrase above into concrete actions&#10;    throw new io.cucumber.java.PendingException();&#10;}&#10;" type="io.cucumber.testng.UndefinedStepException">io.cucumber.testng.UndefinedStepException: 
The step "I hit get API with sold status" is undefined. You can implement it using the snippet(s) below:

@When("I hit get API with sold status")
public void i_hit_get_API_with_sold_status() {
    // Write code here that turns the phrase above into concrete actions
    throw new io.cucumber.java.PendingException();
}

</failure>
    <system-out><![CDATA[
@get
Scenario Outline: Fetching all pets with status available # src/test/java/resources/API_Test.feature:15
  When I hit get API with sold status                     # null
  Then I verify success status code                       # null
  Then I verify response body is not blank                # null
]]></system-out>
  </testcase>
  <testcase name="runScenario" classname="com.adidas.test.automation.runner" time="0.011">
    <failure message="The step &quot;I hit post API with values 5000 BoxerMilo available&quot; is undefined. You can implement it using the snippet(s) below:&#10;&#10;@When(&quot;I hit post API with values {int} BoxerMilo available&quot;)&#10;public void i_hit_post_API_with_values_BoxerMilo_available(Integer int1) {&#10;    // Write code here that turns the phrase above into concrete actions&#10;    throw new io.cucumber.java.PendingException();&#10;}&#10;" type="io.cucumber.testng.UndefinedStepException">io.cucumber.testng.UndefinedStepException: 
The step "I hit post API with values 5000 BoxerMilo available" is undefined. You can implement it using the snippet(s) below:

@When("I hit post API with values {int} BoxerMilo available")
public void i_hit_post_API_with_values_BoxerMilo_available(Integer int1) {
    // Write code here that turns the phrase above into concrete actions
    throw new io.cucumber.java.PendingException();
}

</failure>
    <system-out><![CDATA[
@post
Scenario Outline: Adding a new available pet to the store. # src/test/java/resources/API_Test.feature:25
  When I hit post API with values 5000 BoxerMilo available # null
  Then I verify successful creation status code            # null
  Then I verify response body is not blank                 # null
]]></system-out>
  </testcase>
  <testcase name="runScenario" classname="com.adidas.test.automation.runner" time="0.006">
    <failure message="The step &quot;I hit put API with values 5000 BoxerMilo sold&quot; is undefined. You can implement it using the snippet(s) below:&#10;&#10;@When(&quot;I hit put API with values {int} BoxerMilo sold&quot;)&#10;public void i_hit_put_API_with_values_BoxerMilo_sold(Integer int1) {&#10;    // Write code here that turns the phrase above into concrete actions&#10;    throw new io.cucumber.java.PendingException();&#10;}&#10;" type="io.cucumber.testng.UndefinedStepException">io.cucumber.testng.UndefinedStepException: 
The step "I hit put API with values 5000 BoxerMilo sold" is undefined. You can implement it using the snippet(s) below:

@When("I hit put API with values {int} BoxerMilo sold")
public void i_hit_put_API_with_values_BoxerMilo_sold(Integer int1) {
    // Write code here that turns the phrase above into concrete actions
    throw new io.cucumber.java.PendingException();
}

</failure>
    <system-out><![CDATA[
@put
Scenario Outline: Updating the newly added pet in the store. # src/test/java/resources/API_Test.feature:35
  When I hit put API with values 5000 BoxerMilo sold         # null
  Then I verify success status code                          # null
  Then I verify response body is not blank                   # null
]]></system-out>
  </testcase>
  <testcase name="runScenario" classname="com.adidas.test.automation.runner" time="0.011">
    <failure message="The step &quot;I hit delete API with 5000 id&quot; is undefined. You can implement it using the snippet(s) below:&#10;&#10;@When(&quot;I hit delete API with {int} id&quot;)&#10;public void i_hit_delete_API_with_id(Integer int1) {&#10;    // Write code here that turns the phrase above into concrete actions&#10;    throw new io.cucumber.java.PendingException();&#10;}&#10;" type="io.cucumber.testng.UndefinedStepException">io.cucumber.testng.UndefinedStepException: 
The step "I hit delete API with 5000 id" is undefined. You can implement it using the snippet(s) below:

@When("I hit delete API with {int} id")
public void i_hit_delete_API_with_id(Integer int1) {
    // Write code here that turns the phrase above into concrete actions
    throw new io.cucumber.java.PendingException();
}

</failure>
    <system-out><![CDATA[
@delete
Scenario Outline: Deleting the updated pet from the store. # src/test/java/resources/API_Test.feature:45
  When I hit delete API with 5000 id                       # null
  Then I verify success status code                        # null
  Then I verify response body is not blank                 # null
]]></system-out>
  </testcase>
</testsuite>